<?xml version="1.0" encoding="UTF-8"?>
<testsuite xmlns:xsi="http://www.w3.org/2001/XMLSchema-instance" xsi:noNamespaceSchemaLocation="https://maven.apache.org/surefire/maven-surefire-plugin/xsd/surefire-test-report.xsd" version="3.0.2" name="TestSuite" time="5.172" tests="1" errors="0" skipped="0" failures="0">
  <properties>
[...]
</properties>
  <testcase name="runScenario[&quot;Login into Tuto Ninja with valid cred&quot;, &quot;Login into tuto ninja application&quot;](1)" classname="runner.TestRunner" time="4.17">
    <system-out><![CDATA[
@Tuto
Scenario: Login into Tuto Ninja with valid cred                                      &amp#27;[90m# src/test/java/feature/TutoNinjaLogin.feature:4&amp#27;[0m
  &amp#27;[32mGiven &amp#27;[0m&amp#27;[32mI navigate to the Toto applicaion&amp#27;[0m                                            &amp#27;[90m# stepDef.TutoNinjaLogin.i_navigate_to_the_toto_applicaion()&amp#27;[0m
  &amp#27;[32mWhen &amp#27;[0m&amp#27;[32mI enetered valid cred "&amp#27;[0m&amp#27;[32m&amp#27;[1msaisunilk.1598@gmail.com&amp#27;[0m&amp#27;[32m" and "&amp#27;[0m&amp#27;[32m&amp#27;[1m143143&amp#27;[0m&amp#27;[32m" into the fields&amp#27;[0m &amp#27;[90m# stepDef.TutoNinjaLogin.i_enetered_valid_cred_emailaddress_and_password_into_the_fields(java.lang.String,java.lang.String)&amp#27;[0m
  &amp#27;[32mAnd &amp#27;[0m&amp#27;[32mI clicked onto login button&amp#27;[0m                                                    &amp#27;[90m# stepDef.TutoNinjaLogin.i_clicked_onto_login_button()&amp#27;[0m
  &amp#27;[32mThen &amp#27;[0m&amp#27;[32muser should be able to login sucessfully&amp#27;[0m                                      &amp#27;[90m# stepDef.TutoNinjaLogin.user_should_be_able_to_login_sucessfully()&amp#27;[0m
]]></system-out>
    <system-err><![CDATA[SLF4J: Failed to load class "org.slf4j.impl.StaticLoggerBinder".
SLF4J: Defaulting to no-operation (NOP) logger implementation
SLF4J: See http://www.slf4j.org/codes.html#StaticLoggerBinder for further details.
Starting ChromeDriver 126.0.6478.182 (5b5d8292ddf182f8b2096fa665b473b6317906d5-refs/branch-heads/6478@{#1776}) on port 18153
Only local connections are allowed.
Please see https://chromedriver.chromium.org/security-considerations for suggestions on keeping ChromeDriver safe.
ChromeDriver was started successfully.
Jul 22, 2024 9:58:51 PM org.openqa.selenium.remote.ProtocolHandshake createSession
INFO: Detected dialect: W3C
]]></system-err>
  </testcase>
</testsuite>